  Acc.cpp
d:\programming\git\cpp_programming\light code\banking system\acc.cpp(7): error C4996: 'strcpy': This function or variable may be unsafe. Consider using strcpy_s instead. To disable deprecation, use _CRT_SECURE_NO_WARNINGS. See online help for details.
  c:\program files (x86)\windows kits\10\include\10.0.16299.0\ucrt\string.h(132): note: 'strcpy' 선언을 참조하십시오.
d:\programming\git\cpp_programming\light code\banking system\acc.cpp(13): error C4996: 'strcpy': This function or variable may be unsafe. Consider using strcpy_s instead. To disable deprecation, use _CRT_SECURE_NO_WARNINGS. See online help for details.
  c:\program files (x86)\windows kits\10\include\10.0.16299.0\ucrt\string.h(132): note: 'strcpy' 선언을 참조하십시오.
d:\programming\git\cpp_programming\light code\banking system\acc.cpp(23): error C4996: 'strcpy': This function or variable may be unsafe. Consider using strcpy_s instead. To disable deprecation, use _CRT_SECURE_NO_WARNINGS. See online help for details.
  c:\program files (x86)\windows kits\10\include\10.0.16299.0\ucrt\string.h(132): note: 'strcpy' 선언을 참조하십시오.
d:\programming\git\cpp_programming\light code\banking system\acc.cpp(57): error C2143: 구문 오류: ';'이(가) '}' 앞에 없습니다.
  AccArray.cpp
d:\programming\git\cpp_programming\light code\banking system\accarray.cpp(4): error C2572: 'BoundCheckAccPtrArr::BoundCheckAccPtrArr': 기본 인수 재정의. 매개 변수 1
  d:\programming\git\cpp_programming\light code\banking system\accarray.h(15): note: 'BoundCheckAccPtrArr::BoundCheckAccPtrArr' 선언을 참조하십시오.
  main.cpp
d:\programming\git\cpp_programming\light code\banking system\main.cpp(5): error C2065: 'AccHandler': 선언되지 않은 식별자입니다.
d:\programming\git\cpp_programming\light code\banking system\main.cpp(5): error C2146: 구문 오류: ';'이(가) 'manager' 식별자 앞에 없습니다.
d:\programming\git\cpp_programming\light code\banking system\main.cpp(5): error C2065: 'manager': 선언되지 않은 식별자입니다.
d:\programming\git\cpp_programming\light code\banking system\main.cpp(9): error C2065: 'manager': 선언되지 않은 식별자입니다.
d:\programming\git\cpp_programming\light code\banking system\main.cpp(9): error C2228: '.ShowMenu' 왼쪽에는 클래스/구조체/공용 구조체가 있어야 합니다.
  d:\programming\git\cpp_programming\light code\banking system\main.cpp(9): note: 'unknown-type' 형식입니다.
d:\programming\git\cpp_programming\light code\banking system\main.cpp(16): error C2065: 'MAKE': 선언되지 않은 식별자입니다.
d:\programming\git\cpp_programming\light code\banking system\main.cpp(16): error C2131: 식이 상수로 계산되지 않았습니다.
  d:\programming\git\cpp_programming\light code\banking system\main.cpp(16): note: 비상수 인수 또는 비상수 기호를 참조하여 실패했습니다.
  d:\programming\git\cpp_programming\light code\banking system\main.cpp(16): note: 'MAKE' 사용량 참조
d:\programming\git\cpp_programming\light code\banking system\main.cpp(17): error C2065: 'manager': 선언되지 않은 식별자입니다.
d:\programming\git\cpp_programming\light code\banking system\main.cpp(17): error C2228: '.makeAcc' 왼쪽에는 클래스/구조체/공용 구조체가 있어야 합니다.
  d:\programming\git\cpp_programming\light code\banking system\main.cpp(17): note: 'unknown-type' 형식입니다.
d:\programming\git\cpp_programming\light code\banking system\main.cpp(19): error C2065: 'DEPOSIT': 선언되지 않은 식별자입니다.
d:\programming\git\cpp_programming\light code\banking system\main.cpp(19): error C2131: 식이 상수로 계산되지 않았습니다.
  d:\programming\git\cpp_programming\light code\banking system\main.cpp(19): note: 비상수 인수 또는 비상수 기호를 참조하여 실패했습니다.
  d:\programming\git\cpp_programming\light code\banking system\main.cpp(19): note: 'DEPOSIT' 사용량 참조
d:\programming\git\cpp_programming\light code\banking system\main.cpp(16): error C2051: case 식이 상수가 아닙니다.
d:\programming\git\cpp_programming\light code\banking system\main.cpp(19): error C2051: case 식이 상수가 아닙니다.
d:\programming\git\cpp_programming\light code\banking system\main.cpp(24): warning C4065: switch문에 'default'가 있으나 'case' 레이블이 없습니다.
  Side.cpp
d:\programming\git\cpp_programming\light code\banking system\side.cpp(4): error C2143: 구문 오류: ';'이(가) '*' 앞에 없습니다.
d:\programming\git\cpp_programming\light code\banking system\side.cpp(4): error C4430: 형식 지정자가 없습니다. int로 가정합니다. 참고: C++에서는 기본 int를 지원하지 않습니다.
d:\programming\git\cpp_programming\light code\banking system\side.cpp(26): error C2061: 구문 오류: 식별자 'Acc'
d:\programming\git\cpp_programming\light code\banking system\side.cpp(38): error C2227: '->GetAccID' 왼쪽은 클래스/구조체/공용 구조체/제네릭 형식을 가리켜야 합니다.
  d:\programming\git\cpp_programming\light code\banking system\side.cpp(38): note: 'int *' 형식입니다.
d:\programming\git\cpp_programming\light code\banking system\side.cpp(40): error C2227: '->Deposit' 왼쪽은 클래스/구조체/공용 구조체/제네릭 형식을 가리켜야 합니다.
  d:\programming\git\cpp_programming\light code\banking system\side.cpp(40): note: 'int *' 형식입니다.
d:\programming\git\cpp_programming\light code\banking system\side.cpp(57): error C2227: '->GetAccID' 왼쪽은 클래스/구조체/공용 구조체/제네릭 형식을 가리켜야 합니다.
  d:\programming\git\cpp_programming\light code\banking system\side.cpp(57): note: 'int *' 형식입니다.
d:\programming\git\cpp_programming\light code\banking system\side.cpp(59): error C2227: '->Withdraw' 왼쪽은 클래스/구조체/공용 구조체/제네릭 형식을 가리켜야 합니다.
  d:\programming\git\cpp_programming\light code\banking system\side.cpp(59): note: 'int *' 형식입니다.
d:\programming\git\cpp_programming\light code\banking system\side.cpp(78): error C2227: '->GetAccID' 왼쪽은 클래스/구조체/공용 구조체/제네릭 형식을 가리켜야 합니다.
  d:\programming\git\cpp_programming\light code\banking system\side.cpp(78): note: 'int *' 형식입니다.
d:\programming\git\cpp_programming\light code\banking system\side.cpp(80): error C2227: '->ShowAcc' 왼쪽은 클래스/구조체/공용 구조체/제네릭 형식을 가리켜야 합니다.
  d:\programming\git\cpp_programming\light code\banking system\side.cpp(80): note: 'int *' 형식입니다.
  코드를 생성하고 있습니다...
